<?xml version="1.0" encoding="UTF-8"?>
<!DOCTYPE mapper PUBLIC "-//mybatis.org//DTD Mapper 3.0//EN" "http://mybatis.org/dtd/mybatis-3-mapper.dtd">
<mapper namespace="kr.or.ddit.mapper.TestMapper">

	<select id="test" resultType="kr.or.ddit.vo.TestVO" > 
		SELECT *
		FROM TEST
	</select>

</mapper>